# JRE version: OpenJDK Runtime Environment (11.0.13) (build 11.0.13+0-b1751.21-8125866)
# Java VM: OpenJDK 64-Bit Server VM (11.0.13+0-b1751.21-8125866, mixed mode, tiered, compressed oops, g1 gc, windows-amd64)
Heap:
 garbage-first heap   total 430080K, used 237419K [0x0000000080000000, 0x0000000100000000)
  region size 1024K, 92 young (94208K), 18 survivors (18432K)
 Metaspace       used 123232K, capacity 126506K, committed 126800K, reserved 1159168K
  class space    used 15797K, capacity 17063K, committed 17152K, reserved 1048576K
GC Heap History (20 events):
Event: 56.148 GC heap before
{Heap before GC invocations=70 (full 0):
 garbage-first heap   total 360448K, used 208169K [0x0000000080000000, 0x0000000100000000)
  region size 1024K, 7 young (7168K), 2 survivors (2048K)
 Metaspace       used 105593K, capacity 108164K, committed 108496K, reserved 1142784K
  class space    used 13654K, capacity 14639K, committed 14720K, reserved 1048576K
}
Event: 56.160 GC heap after
{Heap after GC invocations=71 (full 0):
 garbage-first heap   total 360448K, used 205497K [0x0000000080000000, 0x0000000100000000)
  region size 1024K, 3 young (3072K), 3 survivors (3072K)
 Metaspace       used 105593K, capacity 108164K, committed 108496K, reserved 1142784K
  class space    used 13654K, capacity 14639K, committed 14720K, reserved 1048576K
}
Event: 56.716 GC heap before
{Heap before GC invocations=71 (full 0):
 garbage-first heap   total 360448K, used 284345K [0x0000000080000000, 0x0000000100000000)
  region size 1024K, 72 young (73728K), 3 survivors (3072K)
 Metaspace       used 105709K, capacity 108297K, committed 108496K, reserved 1142784K
  class space    used 13670K, capacity 14681K, committed 14720K, reserved 1048576K
}
Event: 56.728 GC heap after
{Heap after GC invocations=72 (full 0):
 garbage-first heap   total 360448K, used 216169K [0x0000000080000000, 0x0000000100000000)
  region size 1024K, 5 young (5120K), 5 survivors (5120K)
 Metaspace       used 105709K, capacity 108297K, committed 108496K, reserved 1142784K
  class space    used 13670K, capacity 14681K, committed 14720K, reserved 1048576K
}
Event: 57.047 GC heap before
{Heap before GC invocations=72 (full 0):
 garbage-first heap   total 360448K, used 288873K [0x0000000080000000, 0x0000000100000000)
  region size 1024K, 76 young (77824K), 5 survivors (5120K)
 Metaspace       used 105766K, capacity 108375K, committed 108496K, reserved 1142784K
  class space    used 13676K, capacity 14685K, committed 14720K, reserved 1048576K
}
Event: 57.077 GC heap after
{Heap after GC invocations=73 (full 0):
 garbage-first heap   total 360448K, used 225003K [0x0000000080000000, 0x0000000100000000)
  region size 1024K, 10 young (10240K), 10 survivors (10240K)
 Metaspace       used 105766K, capacity 108375K, committed 108496K, reserved 1142784K
  class space    used 13676K, capacity 14685K, committed 14720K, reserved 1048576K
}
Event: 57.561 GC heap before
{Heap before GC invocations=74 (full 0):
 garbage-first heap   total 360448K, used 302827K [0x0000000080000000, 0x0000000100000000)
  region size 1024K, 77 young (78848K), 10 survivors (10240K)
 Metaspace       used 105848K, capacity 108443K, committed 108496K, reserved 1142784K
  class space    used 13677K, capacity 14686K, committed 14720K, reserved 1048576K
}
Event: 57.592 GC heap after
{Heap after GC invocations=75 (full 0):
 garbage-first heap   total 360448K, used 238491K [0x0000000080000000, 0x0000000100000000)
  region size 1024K, 4 young (4096K), 4 survivors (4096K)
 Metaspace       used 105848K, capacity 108443K, committed 108496K, reserved 1142784K
  class space    used 13677K, capacity 14686K, committed 14720K, reserved 1048576K
}
Event: 57.635 GC heap before
{Heap before GC invocations=75 (full 0):
 garbage-first heap   total 360448K, used 251803K [0x0000000080000000, 0x0000000100000000)
  region size 1024K, 17 young (17408K), 4 survivors (4096K)
 Metaspace       used 105848K, capacity 108443K, committed 108496K, reserved 1142784K
  class space    used 13677K, capacity 14686K, committed 14720K, reserved 1048576K
}
Event: 57.676 GC heap after
{Heap after GC invocations=76 (full 0):
 garbage-first heap   total 430080K, used 237310K [0x0000000080000000, 0x0000000100000000)
  region size 1024K, 1 young (1024K), 1 survivors (1024K)
 Metaspace       used 105848K, capacity 108443K, committed 108496K, reserved 1142784K
  class space    used 13677K, capacity 14686K, committed 14720K, reserved 1048576K
}
Event: 67.560 GC heap before
{Heap before GC invocations=76 (full 0):
 garbage-first heap   total 430080K, used 340734K [0x0000000080000000, 0x0000000100000000)
  region size 1024K, 85 young (87040K), 1 survivors (1024K)
 Metaspace       used 108544K, capacity 111303K, committed 111568K, reserved 1146880K
  class space    used 14072K, capacity 15167K, committed 15232K, reserved 1048576K
}
Event: 67.574 GC heap after
{Heap after GC invocations=77 (full 0):
 garbage-first heap   total 430080K, used 236604K [0x0000000080000000, 0x0000000100000000)
  region size 1024K, 3 young (3072K), 3 survivors (3072K)
 Metaspace       used 108544K, capacity 111303K, committed 111568K, reserved 1146880K
  class space    used 14072K, capacity 15167K, committed 15232K, reserved 1048576K
}
Event: 84.566 GC heap before
{Heap before GC invocations=78 (full 0):
 garbage-first heap   total 430080K, used 298044K [0x0000000080000000, 0x0000000100000000)
  region size 1024K, 101 young (103424K), 3 survivors (3072K)
 Metaspace       used 108955K, capacity 111813K, committed 112080K, reserved 1146880K
  class space    used 14110K, capacity 15207K, committed 15232K, reserved 1048576K
}
Event: 84.577 GC heap after
{Heap after GC invocations=79 (full 0):
 garbage-first heap   total 430080K, used 197527K [0x0000000080000000, 0x0000000100000000)
  region size 1024K, 2 young (2048K), 2 survivors (2048K)
 Metaspace       used 108955K, capacity 111813K, committed 112080K, reserved 1146880K
  class space    used 14110K, capacity 15207K, committed 15232K, reserved 1048576K
}
Event: 84.862 GC heap before
{Heap before GC invocations=79 (full 0):
 garbage-first heap   total 430080K, used 215959K [0x0000000080000000, 0x0000000100000000)
  region size 1024K, 21 young (21504K), 2 survivors (2048K)
 Metaspace       used 108960K, capacity 111815K, committed 112080K, reserved 1146880K
  class space    used 14111K, capacity 15208K, committed 15232K, reserved 1048576K
}
Event: 84.916 GC heap after
{Heap after GC invocations=80 (full 0):
 garbage-first heap   total 430080K, used 154702K [0x0000000080000000, 0x0000000100000000)
  region size 1024K, 1 young (1024K), 1 survivors (1024K)
 Metaspace       used 108960K, capacity 111815K, committed 112080K, reserved 1146880K
  class space    used 14111K, capacity 15208K, committed 15232K, reserved 1048576K
}
Event: 85.152 GC heap before
{Heap before GC invocations=80 (full 0):
 garbage-first heap   total 430080K, used 175182K [0x0000000080000000, 0x0000000100000000)
  region size 1024K, 21 young (21504K), 1 survivors (1024K)
 Metaspace       used 108962K, capacity 111815K, committed 112080K, reserved 1146880K
  class space    used 14111K, capacity 15208K, committed 15232K, reserved 1048576K
}
Event: 85.186 GC heap after
{Heap after GC invocations=81 (full 0):
 garbage-first heap   total 430080K, used 142431K [0x0000000080000000, 0x0000000100000000)
  region size 1024K, 2 young (2048K), 2 survivors (2048K)
 Metaspace       used 108962K, capacity 111815K, committed 112080K, reserved 1146880K
  class space    used 14111K, capacity 15208K, committed 15232K, reserved 1048576K
}
Event: 92.560 GC heap before
{Heap before GC invocations=81 (full 0):
 garbage-first heap   total 430080K, used 366687K [0x0000000080000000, 0x0000000100000000)
  region size 1024K, 218 young (223232K), 2 survivors (2048K)
 Metaspace       used 122311K, capacity 125489K, committed 125648K, reserved 1159168K
  class space    used 15706K, capacity 16942K, committed 17024K, reserved 1048576K
}
Event: 92.661 GC heap after
{Heap after GC invocations=82 (full 0):
 garbage-first heap   total 430080K, used 159595K [0x0000000080000000, 0x0000000100000000)
  region size 1024K, 18 young (18432K), 18 survivors (18432K)
 Metaspace       used 122311K, capacity 125489K, committed 125648K, reserved 1159168K
  class space    used 15706K, capacity 16942K, committed 17024K, reserved 1048576K
}

