# JRE version: OpenJDK Runtime Environment (11.0.13) (build 11.0.13+0-b1751.21-8125866)
# Java VM: OpenJDK 64-Bit Server VM (11.0.13+0-b1751.21-8125866, mixed mode, tiered, compressed oops, g1 gc, windows-amd64)
Heap:
 garbage-first heap   total 517120K, used 276480K [0x0000000080000000, 0x0000000100000000)
  region size 1024K, 5 young (5120K), 5 survivors (5120K)
 Metaspace       used 131257K, capacity 134463K, committed 134652K, reserved 1167360K
  class space    used 16414K, capacity 17615K, committed 17740K, reserved 1048576K
GC Heap History (20 events):
Event: 156.698 GC heap after
{Heap after GC invocations=113 (full 0):
 garbage-first heap   total 283648K, used 209032K [0x0000000080000000, 0x0000000100000000)
  region size 1024K, 3 young (3072K), 3 survivors (3072K)
 Metaspace       used 121277K, capacity 124398K, committed 124796K, reserved 1157120K
  class space    used 15084K, capacity 16198K, committed 16332K, reserved 1048576K
}
Event: 157.053 GC heap before
{Heap before GC invocations=113 (full 0):
 garbage-first heap   total 283648K, used 231560K [0x0000000080000000, 0x0000000100000000)
  region size 1024K, 25 young (25600K), 3 survivors (3072K)
 Metaspace       used 121430K, capacity 124526K, committed 124796K, reserved 1157120K
  class space    used 15097K, capacity 16198K, committed 16332K, reserved 1048576K
}
Event: 157.066 GC heap after
{Heap after GC invocations=114 (full 0):
 garbage-first heap   total 283648K, used 210641K [0x0000000080000000, 0x0000000100000000)
  region size 1024K, 4 young (4096K), 4 survivors (4096K)
 Metaspace       used 121430K, capacity 124526K, committed 124796K, reserved 1157120K
  class space    used 15097K, capacity 16198K, committed 16332K, reserved 1048576K
}
Event: 157.276 GC heap before
{Heap before GC invocations=114 (full 0):
 garbage-first heap   total 283648K, used 234193K [0x0000000080000000, 0x0000000100000000)
  region size 1024K, 27 young (27648K), 4 survivors (4096K)
 Metaspace       used 122251K, capacity 125361K, committed 125564K, reserved 1159168K
  class space    used 15159K, capacity 16263K, committed 16332K, reserved 1048576K
}
Event: 157.298 GC heap after
{Heap after GC invocations=115 (full 0):
 garbage-first heap   total 340992K, used 215610K [0x0000000080000000, 0x0000000100000000)
  region size 1024K, 4 young (4096K), 4 survivors (4096K)
 Metaspace       used 122251K, capacity 125361K, committed 125564K, reserved 1159168K
  class space    used 15159K, capacity 16263K, committed 16332K, reserved 1048576K
}
Event: 158.403 GC heap before
{Heap before GC invocations=115 (full 0):
 garbage-first heap   total 340992K, used 256570K [0x0000000080000000, 0x0000000100000000)
  region size 1024K, 45 young (46080K), 4 survivors (4096K)
 Metaspace       used 123335K, capacity 126425K, committed 126716K, reserved 1159168K
  class space    used 15257K, capacity 16395K, committed 16460K, reserved 1048576K
}
Event: 158.424 GC heap after
{Heap after GC invocations=116 (full 0):
 garbage-first heap   total 340992K, used 216005K [0x0000000080000000, 0x0000000100000000)
  region size 1024K, 3 young (3072K), 3 survivors (3072K)
 Metaspace       used 123335K, capacity 126425K, committed 126716K, reserved 1159168K
  class space    used 15257K, capacity 16395K, committed 16460K, reserved 1048576K
}
Event: 160.407 GC heap before
{Heap before GC invocations=116 (full 0):
 garbage-first heap   total 340992K, used 262085K [0x0000000080000000, 0x0000000100000000)
  region size 1024K, 49 young (50176K), 3 survivors (3072K)
 Metaspace       used 124427K, capacity 127508K, committed 127612K, reserved 1161216K
  class space    used 15363K, capacity 16512K, committed 16588K, reserved 1048576K
}
Event: 160.427 GC heap after
{Heap after GC invocations=117 (full 0):
 garbage-first heap   total 340992K, used 218564K [0x0000000080000000, 0x0000000100000000)
  region size 1024K, 6 young (6144K), 6 survivors (6144K)
 Metaspace       used 124427K, capacity 127508K, committed 127612K, reserved 1161216K
  class space    used 15363K, capacity 16512K, committed 16588K, reserved 1048576K
}
Event: 162.029 GC heap before
{Heap before GC invocations=117 (full 0):
 garbage-first heap   total 340992K, used 266692K [0x0000000080000000, 0x0000000100000000)
  region size 1024K, 54 young (55296K), 6 survivors (6144K)
 Metaspace       used 125250K, capacity 128393K, committed 128636K, reserved 1161216K
  class space    used 15453K, capacity 16578K, committed 16588K, reserved 1048576K
}
Event: 162.053 GC heap after
{Heap after GC invocations=118 (full 0):
 garbage-first heap   total 340992K, used 221938K [0x0000000080000000, 0x0000000100000000)
  region size 1024K, 7 young (7168K), 7 survivors (7168K)
 Metaspace       used 125250K, capacity 128393K, committed 128636K, reserved 1161216K
  class space    used 15453K, capacity 16578K, committed 16588K, reserved 1048576K
}
Event: 163.636 GC heap before
{Heap before GC invocations=118 (full 0):
 garbage-first heap   total 340992K, used 298738K [0x0000000080000000, 0x0000000100000000)
  region size 1024K, 49 young (50176K), 7 survivors (7168K)
 Metaspace       used 128570K, capacity 131730K, committed 131964K, reserved 1165312K
  class space    used 15901K, capacity 17043K, committed 17100K, reserved 1048576K
}
Event: 163.666 GC heap after
{Heap after GC invocations=119 (full 0):
 garbage-first heap   total 409600K, used 251171K [0x0000000080000000, 0x0000000100000000)
  region size 1024K, 8 young (8192K), 8 survivors (8192K)
 Metaspace       used 128570K, capacity 131730K, committed 131964K, reserved 1165312K
  class space    used 15901K, capacity 17043K, committed 17100K, reserved 1048576K
}
Event: 165.607 GC heap before
{Heap before GC invocations=120 (full 0):
 garbage-first heap   total 409600K, used 273699K [0x0000000080000000, 0x0000000100000000)
  region size 1024K, 42 young (43008K), 8 survivors (8192K)
 Metaspace       used 128887K, capacity 132058K, committed 132348K, reserved 1165312K
  class space    used 15944K, capacity 17109K, committed 17228K, reserved 1048576K
}
Event: 165.686 GC heap after
{Heap after GC invocations=121 (full 0):
 garbage-first heap   total 409600K, used 248973K [0x0000000080000000, 0x0000000100000000)
  region size 1024K, 6 young (6144K), 6 survivors (6144K)
 Metaspace       used 128887K, capacity 132058K, committed 132348K, reserved 1165312K
  class space    used 15944K, capacity 17109K, committed 17228K, reserved 1048576K
}
Event: 166.142 GC heap before
{Heap before GC invocations=121 (full 0):
 garbage-first heap   total 409600K, used 264333K [0x0000000080000000, 0x0000000100000000)
  region size 1024K, 20 young (20480K), 6 survivors (6144K)
 Metaspace       used 129965K, capacity 133175K, committed 133244K, reserved 1165312K
  class space    used 16178K, capacity 17336K, committed 17356K, reserved 1048576K
}
Event: 166.192 GC heap after
{Heap after GC invocations=122 (full 0):
 garbage-first heap   total 409600K, used 237568K [0x0000000080000000, 0x0000000100000000)
  region size 1024K, 3 young (3072K), 3 survivors (3072K)
 Metaspace       used 129965K, capacity 133175K, committed 133244K, reserved 1165312K
  class space    used 16178K, capacity 17336K, committed 17356K, reserved 1048576K
}
Event: 167.180 GC heap before
{Heap before GC invocations=122 (full 0):
 garbage-first heap   total 409600K, used 280576K [0x0000000080000000, 0x0000000100000000)
  region size 1024K, 45 young (46080K), 3 survivors (3072K)
 Metaspace       used 131247K, capacity 134462K, committed 134652K, reserved 1167360K
  class space    used 16414K, capacity 17615K, committed 17740K, reserved 1048576K
}
Event: 167.249 GC heap after
{Heap after GC invocations=123 (full 0):
 garbage-first heap   total 409600K, used 258048K [0x0000000080000000, 0x0000000100000000)
  region size 1024K, 6 young (6144K), 6 survivors (6144K)
 Metaspace       used 131247K, capacity 134462K, committed 134652K, reserved 1167360K
  class space    used 16414K, capacity 17615K, committed 17740K, reserved 1048576K
}
Event: 167.607 GC heap before
{Heap before GC invocations=123 (full 0):
 garbage-first heap   total 409600K, used 291840K [0x0000000080000000, 0x0000000100000000)
  region size 1024K, 40 young (40960K), 6 survivors (6144K)
 Metaspace       used 131257K, capacity 134463K, committed 134652K, reserved 1167360K
  class space    used 16414K, capacity 17615K, committed 17740K, reserved 1048576K
}

