# JRE version: OpenJDK Runtime Environment (11.0.13) (build 11.0.13+0-b1751.21-8125866)
# Java VM: OpenJDK 64-Bit Server VM (11.0.13+0-b1751.21-8125866, mixed mode, tiered, compressed oops, g1 gc, windows-amd64)
Heap:
 garbage-first heap   total 83968K, used 29069K [0x0000000080000000, 0x0000000100000000)
  region size 1024K, 4 young (4096K), 4 survivors (4096K)
 Metaspace       used 40820K, capacity 41775K, committed 41936K, reserved 1085440K
  class space    used 5139K, capacity 5486K, committed 5504K, reserved 1048576K
GC Heap History (20 events):
Event: 4.196 GC heap after
{Heap after GC invocations=4 (full 0):
 garbage-first heap   total 57344K, used 14859K [0x0000000080000000, 0x0000000100000000)
  region size 1024K, 4 young (4096K), 4 survivors (4096K)
 Metaspace       used 12340K, capacity 12638K, committed 12800K, reserved 1060864K
  class space    used 1332K, capacity 1446K, committed 1536K, reserved 1048576K
}
Event: 7.141 GC heap before
{Heap before GC invocations=4 (full 0):
 garbage-first heap   total 57344K, used 39435K [0x0000000080000000, 0x0000000100000000)
  region size 1024K, 28 young (28672K), 4 survivors (4096K)
 Metaspace       used 18146K, capacity 18627K, committed 18688K, reserved 1064960K
  class space    used 2130K, capacity 2276K, committed 2304K, reserved 1048576K
}
Event: 7.151 GC heap after
{Heap after GC invocations=5 (full 0):
 garbage-first heap   total 57344K, used 16904K [0x0000000080000000, 0x0000000100000000)
  region size 1024K, 2 young (2048K), 2 survivors (2048K)
 Metaspace       used 18146K, capacity 18627K, committed 18688K, reserved 1064960K
  class space    used 2130K, capacity 2276K, committed 2304K, reserved 1048576K
}
Event: 7.796 GC heap before
{Heap before GC invocations=5 (full 0):
 garbage-first heap   total 57344K, used 38408K [0x0000000080000000, 0x0000000100000000)
  region size 1024K, 24 young (24576K), 2 survivors (2048K)
 Metaspace       used 20765K, capacity 21149K, committed 21296K, reserved 1069056K
  class space    used 2515K, capacity 2648K, committed 2688K, reserved 1048576K
}
Event: 7.805 GC heap after
{Heap after GC invocations=6 (full 0):
 garbage-first heap   total 57344K, used 17561K [0x0000000080000000, 0x0000000100000000)
  region size 1024K, 3 young (3072K), 3 survivors (3072K)
 Metaspace       used 20765K, capacity 21149K, committed 21296K, reserved 1069056K
  class space    used 2515K, capacity 2648K, committed 2688K, reserved 1048576K
}
Event: 8.542 GC heap before
{Heap before GC invocations=7 (full 0):
 garbage-first heap   total 57344K, used 40089K [0x0000000080000000, 0x0000000100000000)
  region size 1024K, 26 young (26624K), 3 survivors (3072K)
 Metaspace       used 22819K, capacity 23390K, committed 23600K, reserved 1069056K
  class space    used 2888K, capacity 3103K, committed 3200K, reserved 1048576K
}
Event: 8.554 GC heap after
{Heap after GC invocations=8 (full 0):
 garbage-first heap   total 57344K, used 18279K [0x0000000080000000, 0x0000000100000000)
  region size 1024K, 2 young (2048K), 2 survivors (2048K)
 Metaspace       used 22819K, capacity 23390K, committed 23600K, reserved 1069056K
  class space    used 2888K, capacity 3103K, committed 3200K, reserved 1048576K
}
Event: 9.380 GC heap before
{Heap before GC invocations=8 (full 0):
 garbage-first heap   total 57344K, used 41831K [0x0000000080000000, 0x0000000100000000)
  region size 1024K, 25 young (25600K), 2 survivors (2048K)
 Metaspace       used 25642K, capacity 26296K, committed 26544K, reserved 1073152K
  class space    used 3305K, capacity 3518K, committed 3584K, reserved 1048576K
}
Event: 9.390 GC heap after
{Heap after GC invocations=9 (full 0):
 garbage-first heap   total 69632K, used 19412K [0x0000000080000000, 0x0000000100000000)
  region size 1024K, 3 young (3072K), 3 survivors (3072K)
 Metaspace       used 25642K, capacity 26296K, committed 26544K, reserved 1073152K
  class space    used 3305K, capacity 3518K, committed 3584K, reserved 1048576K
}
Event: 10.298 GC heap before
{Heap before GC invocations=9 (full 0):
 garbage-first heap   total 69632K, used 47060K [0x0000000080000000, 0x0000000100000000)
  region size 1024K, 31 young (31744K), 3 survivors (3072K)
 Metaspace       used 28388K, capacity 29122K, committed 29360K, reserved 1075200K
  class space    used 3708K, capacity 3977K, committed 4096K, reserved 1048576K
}
Event: 10.311 GC heap after
{Heap after GC invocations=10 (full 0):
 garbage-first heap   total 69632K, used 20273K [0x0000000080000000, 0x0000000100000000)
  region size 1024K, 3 young (3072K), 3 survivors (3072K)
 Metaspace       used 28388K, capacity 29122K, committed 29360K, reserved 1075200K
  class space    used 3708K, capacity 3977K, committed 4096K, reserved 1048576K
}
Event: 11.209 GC heap before
{Heap before GC invocations=10 (full 0):
 garbage-first heap   total 69632K, used 48945K [0x0000000080000000, 0x0000000100000000)
  region size 1024K, 31 young (31744K), 3 survivors (3072K)
 Metaspace       used 31356K, capacity 32099K, committed 32304K, reserved 1077248K
  class space    used 4148K, capacity 4416K, committed 4480K, reserved 1048576K
}
Event: 11.217 GC heap after
{Heap after GC invocations=11 (full 0):
 garbage-first heap   total 69632K, used 21108K [0x0000000080000000, 0x0000000100000000)
  region size 1024K, 3 young (3072K), 3 survivors (3072K)
 Metaspace       used 31356K, capacity 32099K, committed 32304K, reserved 1077248K
  class space    used 4148K, capacity 4416K, committed 4480K, reserved 1048576K
}
Event: 11.943 GC heap before
{Heap before GC invocations=11 (full 0):
 garbage-first heap   total 69632K, used 31348K [0x0000000080000000, 0x0000000100000000)
  region size 1024K, 14 young (14336K), 3 survivors (3072K)
 Metaspace       used 35029K, capacity 35750K, committed 35920K, reserved 1081344K
  class space    used 4492K, capacity 4784K, committed 4864K, reserved 1048576K
}
Event: 11.960 GC heap after
{Heap after GC invocations=12 (full 0):
 garbage-first heap   total 69632K, used 23104K [0x0000000080000000, 0x0000000100000000)
  region size 1024K, 4 young (4096K), 4 survivors (4096K)
 Metaspace       used 35029K, capacity 35750K, committed 35920K, reserved 1081344K
  class space    used 4492K, capacity 4784K, committed 4864K, reserved 1048576K
}
Event: 12.718 GC heap before
{Heap before GC invocations=13 (full 0):
 garbage-first heap   total 69632K, used 46656K [0x0000000080000000, 0x0000000100000000)
  region size 1024K, 28 young (28672K), 4 survivors (4096K)
 Metaspace       used 37037K, capacity 37886K, committed 38224K, reserved 1083392K
  class space    used 4703K, capacity 5025K, committed 5120K, reserved 1048576K
}
Event: 12.732 GC heap after
{Heap after GC invocations=14 (full 0):
 garbage-first heap   total 69632K, used 26071K [0x0000000080000000, 0x0000000100000000)
  region size 1024K, 4 young (4096K), 4 survivors (4096K)
 Metaspace       used 37037K, capacity 37886K, committed 38224K, reserved 1083392K
  class space    used 4703K, capacity 5025K, committed 5120K, reserved 1048576K
}
Event: 13.675 GC heap before
{Heap before GC invocations=14 (full 0):
 garbage-first heap   total 69632K, used 51671K [0x0000000080000000, 0x0000000100000000)
  region size 1024K, 27 young (27648K), 4 survivors (4096K)
 Metaspace       used 39381K, capacity 40199K, committed 40528K, reserved 1085440K
  class space    used 4951K, capacity 5261K, committed 5376K, reserved 1048576K
}
Event: 13.686 GC heap after
{Heap after GC invocations=15 (full 0):
 garbage-first heap   total 69632K, used 27906K [0x0000000080000000, 0x0000000100000000)
  region size 1024K, 3 young (3072K), 3 survivors (3072K)
 Metaspace       used 39381K, capacity 40199K, committed 40528K, reserved 1085440K
  class space    used 4951K, capacity 5261K, committed 5376K, reserved 1048576K
}
Event: 14.273 GC heap before
{Heap before GC invocations=15 (full 0):
 garbage-first heap   total 69632K, used 50434K [0x0000000080000000, 0x0000000100000000)
  region size 1024K, 25 young (25600K), 3 survivors (3072K)
 Metaspace       used 40820K, capacity 41775K, committed 41936K, reserved 1085440K
  class space    used 5139K, capacity 5486K, committed 5504K, reserved 1048576K
}

